Building DAG of jobs...
Using shell: /bin/bash
Provided cores: 1
Rules claiming more threads will be scaled down.
Job counts:
	count	jobs
	1	all
	1	demultiplex_porechop
	1	minimap2
	1	parse_mapping
	4

[Wed Nov  6 12:21:20 2019]
rule demultiplex_porechop:
    input: /Users/rambaut/Repositories/ARTICnetwork/rampart-ebov/example_data/fastq_pass/FAL30025_9ca83a95a0f3e84fbdef0227415f8d7698c49aac_4.fastq
    output: /Users/rambaut/Repositories/ARTICnetwork/rampart-ebov/example_data/annotations/temp/FAL30025_9ca83a95a0f3e84fbdef0227415f8d7698c49aac_4.fastq
    jobid: 2
    wildcards: filename_stem=FAL30025_9ca83a95a0f3e84fbdef0227415f8d7698c49aac_4

[Wed Nov  6 12:21:21 2019]
Finished job 2.
1 of 4 steps (25%) done

[Wed Nov  6 12:21:21 2019]
rule minimap2:
    input: /Users/rambaut/Repositories/ARTICnetwork/rampart-ebov/example_data/annotations/temp/FAL30025_9ca83a95a0f3e84fbdef0227415f8d7698c49aac_4.fastq, /Users/rambaut/Repositories/ARTICnetwork/rampart-ebov/protocol/references.fasta
    output: /Users/rambaut/Repositories/ARTICnetwork/rampart-ebov/example_data/annotations/temp/FAL30025_9ca83a95a0f3e84fbdef0227415f8d7698c49aac_4.paf
    jobid: 3
    wildcards: filename_stem=FAL30025_9ca83a95a0f3e84fbdef0227415f8d7698c49aac_4

[Wed Nov  6 12:21:21 2019]
Finished job 3.
2 of 4 steps (50%) done

[Wed Nov  6 12:21:21 2019]
rule parse_mapping:
    input: /Users/rambaut/Repositories/ARTICnetwork/rampart-ebov/example_data/annotations/temp/FAL30025_9ca83a95a0f3e84fbdef0227415f8d7698c49aac_4.fastq, /Users/rambaut/Repositories/ARTICnetwork/rampart-ebov/example_data/annotations/temp/FAL30025_9ca83a95a0f3e84fbdef0227415f8d7698c49aac_4.paf, /Users/rambaut/Repositories/ARTICnetwork/rampart-ebov/protocol/references.fasta
    output: /Users/rambaut/Repositories/ARTICnetwork/rampart-ebov/example_data/annotations/FAL30025_9ca83a95a0f3e84fbdef0227415f8d7698c49aac_4.csv
    jobid: 1
    wildcards: filename_stem=FAL30025_9ca83a95a0f3e84fbdef0227415f8d7698c49aac_4

Removing temporary output file /Users/rambaut/Repositories/ARTICnetwork/rampart-ebov/example_data/annotations/temp/FAL30025_9ca83a95a0f3e84fbdef0227415f8d7698c49aac_4.fastq.
Removing temporary output file /Users/rambaut/Repositories/ARTICnetwork/rampart-ebov/example_data/annotations/temp/FAL30025_9ca83a95a0f3e84fbdef0227415f8d7698c49aac_4.paf.
[Wed Nov  6 12:21:21 2019]
Finished job 1.
3 of 4 steps (75%) done

[Wed Nov  6 12:21:21 2019]
localrule all:
    input: /Users/rambaut/Repositories/ARTICnetwork/rampart-ebov/example_data/annotations/FAL30025_9ca83a95a0f3e84fbdef0227415f8d7698c49aac_4.csv
    jobid: 0

[Wed Nov  6 12:21:21 2019]
Finished job 0.
4 of 4 steps (100%) done
Complete log: /Users/rambaut/Repositories/ARTICnetwork/rampart-ebov/example_data/.snakemake/log/2019-11-06T122120.154380.snakemake.log
