Building DAG of jobs...
Using shell: /bin/bash
Provided cores: 1
Rules claiming more threads will be scaled down.
Job counts:
	count	jobs
	1	all
	1	demultiplex_porechop
	1	minimap2
	1	parse_mapping
	4

[Wed Nov  6 12:21:39 2019]
rule demultiplex_porechop:
    input: /Users/rambaut/Repositories/ARTICnetwork/rampart-ebov/example_data/fastq_pass/FAL30025_9ca83a95a0f3e84fbdef0227415f8d7698c49aac_14.fastq
    output: /Users/rambaut/Repositories/ARTICnetwork/rampart-ebov/example_data/annotations/temp/FAL30025_9ca83a95a0f3e84fbdef0227415f8d7698c49aac_14.fastq
    jobid: 2
    wildcards: filename_stem=FAL30025_9ca83a95a0f3e84fbdef0227415f8d7698c49aac_14

[Wed Nov  6 12:21:40 2019]
Finished job 2.
1 of 4 steps (25%) done

[Wed Nov  6 12:21:40 2019]
rule minimap2:
    input: /Users/rambaut/Repositories/ARTICnetwork/rampart-ebov/example_data/annotations/temp/FAL30025_9ca83a95a0f3e84fbdef0227415f8d7698c49aac_14.fastq, /Users/rambaut/Repositories/ARTICnetwork/rampart-ebov/protocol/references.fasta
    output: /Users/rambaut/Repositories/ARTICnetwork/rampart-ebov/example_data/annotations/temp/FAL30025_9ca83a95a0f3e84fbdef0227415f8d7698c49aac_14.paf
    jobid: 3
    wildcards: filename_stem=FAL30025_9ca83a95a0f3e84fbdef0227415f8d7698c49aac_14

[Wed Nov  6 12:21:41 2019]
Finished job 3.
2 of 4 steps (50%) done

[Wed Nov  6 12:21:41 2019]
rule parse_mapping:
    input: /Users/rambaut/Repositories/ARTICnetwork/rampart-ebov/example_data/annotations/temp/FAL30025_9ca83a95a0f3e84fbdef0227415f8d7698c49aac_14.fastq, /Users/rambaut/Repositories/ARTICnetwork/rampart-ebov/example_data/annotations/temp/FAL30025_9ca83a95a0f3e84fbdef0227415f8d7698c49aac_14.paf, /Users/rambaut/Repositories/ARTICnetwork/rampart-ebov/protocol/references.fasta
    output: /Users/rambaut/Repositories/ARTICnetwork/rampart-ebov/example_data/annotations/FAL30025_9ca83a95a0f3e84fbdef0227415f8d7698c49aac_14.csv
    jobid: 1
    wildcards: filename_stem=FAL30025_9ca83a95a0f3e84fbdef0227415f8d7698c49aac_14

Terminating processes on user request, this might take some time.
[Wed Nov  6 12:21:41 2019]
Error in rule parse_mapping:
    jobid: 1
    output: /Users/rambaut/Repositories/ARTICnetwork/rampart-ebov/example_data/annotations/FAL30025_9ca83a95a0f3e84fbdef0227415f8d7698c49aac_14.csv
    shell:
        
        python /Users/rambaut/miniconda3/envs/rampart-ebov/lib/node_modules/artic-rampart/default_protocol/pipelines/demux_map/rules/parse_paf.py         --paf_file /Users/rambaut/Repositories/ARTICnetwork/rampart-ebov/example_data/annotations/temp/FAL30025_9ca83a95a0f3e84fbdef0227415f8d7698c49aac_14.paf         --report /Users/rambaut/Repositories/ARTICnetwork/rampart-ebov/example_data/annotations/FAL30025_9ca83a95a0f3e84fbdef0227415f8d7698c49aac_14.csv         --annotated_reads /Users/rambaut/Repositories/ARTICnetwork/rampart-ebov/example_data/annotations/temp/FAL30025_9ca83a95a0f3e84fbdef0227415f8d7698c49aac_14.fastq         --min_read_length 0         --max_read_length 1000000         --reference_file /Users/rambaut/Repositories/ARTICnetwork/rampart-ebov/protocol/references.fasta         --reference_options ""
        
        (one of the commands exited with non-zero exit code; note that snakemake uses bash strict mode!)

Removing output files of failed job parse_mapping since they might be corrupted:
/Users/rambaut/Repositories/ARTICnetwork/rampart-ebov/example_data/annotations/FAL30025_9ca83a95a0f3e84fbdef0227415f8d7698c49aac_14.csv
Complete log: /Users/rambaut/Repositories/ARTICnetwork/rampart-ebov/example_data/.snakemake/log/2019-11-06T122139.610985.snakemake.log
