Building DAG of jobs...
Using shell: /bin/bash
Provided cores: 1
Rules claiming more threads will be scaled down.
Job counts:
	count	jobs
	1	all
	1	demultiplex_porechop
	1	minimap2
	1	parse_mapping
	4

[Wed Nov  6 14:42:21 2019]
rule demultiplex_porechop:
    input: /Users/rambaut/Repositories/ARTICnetwork/rampart-nipah/example_data/fastq_pass/FAK25288_b7a90ecbeba0001587a6de5a0904733473fddfc7_7.fastq
    output: /Users/rambaut/Repositories/ARTICnetwork/rampart-nipah/example_data/annotations/temp/FAK25288_b7a90ecbeba0001587a6de5a0904733473fddfc7_7.fastq
    jobid: 2
    wildcards: filename_stem=FAK25288_b7a90ecbeba0001587a6de5a0904733473fddfc7_7

[Wed Nov  6 14:42:28 2019]
Finished job 2.
1 of 4 steps (25%) done

[Wed Nov  6 14:42:28 2019]
rule minimap2:
    input: /Users/rambaut/Repositories/ARTICnetwork/rampart-nipah/example_data/annotations/temp/FAK25288_b7a90ecbeba0001587a6de5a0904733473fddfc7_7.fastq, /Users/rambaut/Repositories/ARTICnetwork/rampart-nipah/protocol/references.fasta
    output: /Users/rambaut/Repositories/ARTICnetwork/rampart-nipah/example_data/annotations/temp/FAK25288_b7a90ecbeba0001587a6de5a0904733473fddfc7_7.paf
    jobid: 3
    wildcards: filename_stem=FAK25288_b7a90ecbeba0001587a6de5a0904733473fddfc7_7

[Wed Nov  6 14:42:28 2019]
Finished job 3.
2 of 4 steps (50%) done

[Wed Nov  6 14:42:28 2019]
rule parse_mapping:
    input: /Users/rambaut/Repositories/ARTICnetwork/rampart-nipah/example_data/annotations/temp/FAK25288_b7a90ecbeba0001587a6de5a0904733473fddfc7_7.fastq, /Users/rambaut/Repositories/ARTICnetwork/rampart-nipah/example_data/annotations/temp/FAK25288_b7a90ecbeba0001587a6de5a0904733473fddfc7_7.paf, /Users/rambaut/Repositories/ARTICnetwork/rampart-nipah/protocol/references.fasta
    output: /Users/rambaut/Repositories/ARTICnetwork/rampart-nipah/example_data/annotations/FAK25288_b7a90ecbeba0001587a6de5a0904733473fddfc7_7.csv
    jobid: 1
    wildcards: filename_stem=FAK25288_b7a90ecbeba0001587a6de5a0904733473fddfc7_7

Removing temporary output file /Users/rambaut/Repositories/ARTICnetwork/rampart-nipah/example_data/annotations/temp/FAK25288_b7a90ecbeba0001587a6de5a0904733473fddfc7_7.fastq.
Removing temporary output file /Users/rambaut/Repositories/ARTICnetwork/rampart-nipah/example_data/annotations/temp/FAK25288_b7a90ecbeba0001587a6de5a0904733473fddfc7_7.paf.
[Wed Nov  6 14:42:28 2019]
Finished job 1.
3 of 4 steps (75%) done

[Wed Nov  6 14:42:28 2019]
localrule all:
    input: /Users/rambaut/Repositories/ARTICnetwork/rampart-nipah/example_data/annotations/FAK25288_b7a90ecbeba0001587a6de5a0904733473fddfc7_7.csv
    jobid: 0

[Wed Nov  6 14:42:28 2019]
Finished job 0.
4 of 4 steps (100%) done
Complete log: /Users/rambaut/Repositories/ARTICnetwork/rampart-nipah/example_data/.snakemake/log/2019-11-06T144221.931616.snakemake.log
